<?xml version="1.0" encoding="UTF-8" ?>
<testsuite errors="1" failures="2" hostname="INR1400697" name="net.hedtech.banner.filter.BannerSamlAuthenticationProviderTests" tests="5" time="1.142" timestamp="2015-09-01T06:50:56">
  <properties />
  <testcase classname="net.hedtech.banner.filter.BannerSamlAuthenticationProviderTests" name="testAuthenticateFailure" time="1.034">
    <failure message="java.lang.AssertionError: expected:&lt;System is configured for SAML authentication and identity assertion UDC_IDENTIFIER is null&gt; but was:&lt;null&gt;" type="junit.framework.AssertionFailedError">junit.framework.AssertionFailedError: java.lang.AssertionError: expected:&lt;System is configured for SAML authentication and identity assertion UDC_IDENTIFIER is null&gt; but was:&lt;null&gt;
	at net.hedtech.banner.filter.BannerSamlAuthenticationProviderTests.testAuthenticateFailure(BannerSamlAuthenticationProviderTests.groovy:90)
</failure>
  </testcase>
  <testcase classname="net.hedtech.banner.filter.BannerSamlAuthenticationProviderTests" name="testAdminDoFilter" time="0.024" />
  <testcase classname="net.hedtech.banner.filter.BannerSamlAuthenticationProviderTests" name="testAuthenticateNoBannerUser" time="0.037">
    <failure message="java.lang.AssertionError: expected:&lt;System is configured for external authentication, identity assertion 2 does not map to a Banner user&gt; but was:&lt;null&gt;" type="junit.framework.AssertionFailedError">junit.framework.AssertionFailedError: java.lang.AssertionError: expected:&lt;System is configured for external authentication, identity assertion 2 does not map to a Banner user&gt; but was:&lt;null&gt;
	at net.hedtech.banner.filter.BannerSamlAuthenticationProviderTests.testAuthenticateNoBannerUser(BannerSamlAuthenticationProviderTests.groovy:119)
</failure>
  </testcase>
  <testcase classname="net.hedtech.banner.filter.BannerSamlAuthenticationProviderTests" name="testAuthenticateSSBUser" time="0.004" />
  <testcase classname="net.hedtech.banner.filter.BannerSamlAuthenticationProviderTests" name="testAuthenticateOracleDisabledUser" time="0.027">
    <error type="java.lang.NullPointerException">java.lang.NullPointerException
	at net.hedtech.banner.security.BannerSamlAuthenticationProvider.authenticate(BannerSamlAuthenticationProvider.groovy:55)
	at net.hedtech.banner.filter.BannerSamlAuthenticationProviderTests.testAuthenticateOracleDisabledUser(BannerSamlAuthenticationProviderTests.groovy:157)
</error>
  </testcase>
  <system-out><![CDATA[--Output from testAuthenticateFailure--
--Output from testAdminDoFilter--
--Output from testAuthenticateNoBannerUser--
--Output from testAuthenticateSSBUser--
--Output from testAuthenticateOracleDisabledUser--
]]></system-out>
  <system-err><![CDATA[--Output from testAuthenticateFailure--
--Output from testAdminDoFilter--
--Output from testAuthenticateNoBannerUser--
--Output from testAuthenticateSSBUser--
--Output from testAuthenticateOracleDisabledUser--
]]></system-err>
</testsuite>
